<?xml version="1.0" encoding="utf-8"?>
<coverage line-rate="0.7553" branch-rate="0.5254" version="1.9" timestamp="1777746759" lines-covered="1967" lines-valid="2604" branches-covered="217" branches-valid="413">
  <sources>
    <source>D:\Facultate\.NET\ai-tutor\src\backend\</source>
  </sources>
  <packages>
    <package name="AiTutor.Application" line-rate="0.7529" branch-rate="0.5367999999999999" complexity="901">
      <classes>
        <class name="AiTutor.Application.DependencyInjection" filename="AiTutor.Application\DependencyInjection.cs" line-rate="0" branch-rate="1" complexity="1">
          <methods>
            <method name="AddApplication" signature="(Microsoft.Extensions.DependencyInjection.IServiceCollection)" line-rate="0" branch-rate="1" complexity="1">
              <lines>
                <line number="11" hits="0" branch="False" />
                <line number="12" hits="0" branch="False" />
                <line number="13" hits="0" branch="False" />
                <line number="15" hits="0" branch="False" />
                <line number="17" hits="0" branch="False" />
                <line number="18" hits="0" branch="False" />
                <line number="20" hits="0" branch="False" />
                <line number="21" hits="0" branch="False" />
              </lines>
            </method>
          </methods>
          <lines>
            <line number="11" hits="0" branch="False" />
            <line number="12" hits="0" branch="False" />
            <line number="13" hits="0" branch="False" />
            <line number="15" hits="0" branch="False" />
            <line number="17" hits="0" branch="False" />
            <line number="18" hits="0" branch="False" />
            <line number="20" hits="0" branch="False" />
            <line number="21" hits="0" branch="False" />
          </lines>
        </class>
        <class name="AiTutor.Application.Features.Subscriptions.Queries.GetSubscriptionByUser.GetSubscriptionByUserQuery" filename="AiTutor.Application\Features\Subscriptions\Queries\GetSubscriptionByUser\GetSubscriptionByUserQuery.cs" line-rate="1" branch-rate="1" complexity="1">
          <methods>
            <method name="get_UserId" signature="()" line-rate="1" branch-rate="1" complexity="1">
              <lines>
                <line number="7" hits="4" branch="False" />
              </lines>
            </method>
          </methods>
          <lines>
            <line number="7" hits="4" branch="False" />
          </lines>
        </class>
        <class name="AiTutor.Application.Features.Subscriptions.Queries.GetSubscriptionByUser.GetSubscriptionByUserQueryHandler" filename="AiTutor.Application\Features\Subscriptions\Queries\GetSubscriptionByUser\GetSubscriptionByUserQueryHandler.cs" line-rate="1" branch-rate="1" complexity="1">
          <methods>
            <method name=".ctor" signature="(AiTutor.Application.Common.Interfaces.IApplicationDbContext)" line-rate="1" branch-rate="1" complexity="1">
              <lines>
                <line number="14" hits="2" branch="False" />
                <line number="15" hits="2" branch="False" />
              </lines>
            </method>
          </methods>
          <lines>
            <line number="14" hits="2" branch="False" />
            <line number="15" hits="2" branch="False" />
          </lines>
        </class>
        <class name="AiTutor.Application.Features.Subscriptions.Queries.GetSubscriptionByUser.GetSubscriptionByUserQueryHandler/&lt;&gt;c" filename="AiTutor.Application\Features\Subscriptions\Queries\GetSubscriptionByUser\GetSubscriptionByUserQueryHandler.cs" line-rate="1" branch-rate="1" complexity="1">
          <methods>
            <method name="&lt;Handle&gt;b__2_0" signature="(AiTutor.Domain.Entities.Subscription)" line-rate="1" branch-rate="1" complexity="1">
              <lines>
                <line number="25" hits="4" branch="False" />
                <line number="26" hits="4" branch="False" />
                <line number="27" hits="4" branch="False" />
                <line number="28" hits="4" branch="False" />
                <line number="29" hits="4" branch="False" />
                <line number="30" hits="4" branch="False" />
                <line number="31" hits="4" branch="False" />
                <line number="32" hits="4" branch="False" />
                <line number="33" hits="4" branch="False" />
              </lines>
            </method>
          </methods>
          <lines>
            <line number="25" hits="4" branch="False" />
            <line number="26" hits="4" branch="False" />
            <line number="27" hits="4" branch="False" />
            <line number="28" hits="4" branch="False" />
            <line number="29" hits="4" branch="False" />
            <line number="30" hits="4" branch="False" />
            <line number="31" hits="4" branch="False" />
            <line number="32" hits="4" branch="False" />
            <line number="33" hits="4" branch="False" />
          </lines>
        </class>
        <class name="AiTutor.Application.Features.Subscriptions.Queries.GetSubscriptionByUser.GetSubscriptionByUserQueryHandler/&lt;Handle&gt;d__2" filename="AiTutor.Application\Features\Subscriptions\Queries\GetSubscriptionByUser\GetSubscriptionByUserQueryHandler.cs" line-rate="1" branch-rate="1" complexity="1">
          <methods>
            <method name="MoveNext" signature="()" line-rate="1" branch-rate="1" complexity="1">
              <lines>
                <line number="19" hits="2" branch="False" />
                <line number="20" hits="2" branch="False" />
                <line number="21" hits="2" branch="False" />
                <line number="22" hits="2" branch="False" />
                <line number="23" hits="2" branch="False" />
                <line number="35" hits="2" branch="False" />
                <line number="36" hits="2" branch="False" />
              </lines>
            </method>
          </methods>
          <lines>
            <line number="19" hits="2" branch="False" />
            <line number="20" hits="2" branch="False" />
            <line number="21" hits="2" branch="False" />
            <line number="22" hits="2" branch="False" />
            <line number="23" hits="2" branch="False" />
            <line number="35" hits="2" branch="False" />
            <line number="36" hits="2" branch="False" />
          </lines>
        </class>
        <class name="AiTutor.Application.Features.Subscriptions.Queries.GetAllSubscriptions.GetAllSubscriptionsQuery" filename="AiTutor.Application\Features\Subscriptions\Queries\GetAllSubscriptions\GetAllSubscriptionsQuery.cs" line-rate="1" branch-rate="1" complexity="1">
          <methods>
            <method name="get_Page" signature="()" line-rate="1" branch-rate="1" complexity="1">
              <lines>
                <line number="7" hits="18" branch="False" />
              </lines>
            </method>
          </methods>
          <lines>
            <line number="7" hits="18" branch="False" />
          </lines>
        </class>
        <class name="AiTutor.Application.Features.Subscriptions.Queries.GetAllSubscriptions.GetAllSubscriptionsQueryHandler" filename="AiTutor.Application\Features\Subscriptions\Queries\GetAllSubscriptions\GetAllSubscriptionsQueryHandler.cs" line-rate="1" branch-rate="1" complexity="1">
          <methods>
            <method name=".ctor" signature="(AiTutor.Application.Common.Interfaces.IApplicationDbContext)" line-rate="1" branch-rate="1" complexity="1">
              <lines>
                <line number="14" hits="3" branch="False" />
                <line number="15" hits="3" branch="False" />
              </lines>
            </method>
          </methods>
          <lines>
            <line number="14" hits="3" branch="False" />
            <line number="15" hits="3" branch="False" />
          </lines>
        </class>
        <class name="AiTutor.Application.Features.Subscriptions.Queries.GetAllSubscriptions.GetAllSubscriptionsQueryHandler/&lt;&gt;c" filename="AiTutor.Application\Features\Subscriptions\Queries\GetAllSubscriptions\GetAllSubscriptionsQueryHandler.cs" line-rate="1" branch-rate="1" complexity="1">
          <methods>
            <method name="&lt;Handle&gt;b__2_1" signature="(AiTutor.Domain.Entities.Subscription)" line-rate="1" branch-rate="1" complexity="1">
              <lines>
                <line number="30" hits="7" branch="False" />
                <line number="31" hits="7" branch="False" />
                <line number="32" hits="7" branch="False" />
                <line number="33" hits="7" branch="False" />
                <line number="34" hits="7" branch="False" />
                <line number="35" hits="7" branch="False" />
                <line number="36" hits="7" branch="False" />
                <line number="37" hits="7" branch="False" />
                <line number="38" hits="7" branch="False" />
              </lines>
            </method>
          </methods>
          <lines>
            <line number="30" hits="7" branch="False" />
            <line number="31" hits="7" branch="False" />
            <line number="32" hits="7" branch="False" />
            <line number="33" hits="7" branch="False" />
            <line number="34" hits="7" branch="False" />
            <line number="35" hits="7" branch="False" />
            <line number="36" hits="7" branch="False" />
            <line number="37" hits="7" branch="False" />
            <line number="38" hits="7" branch="False" />
          </lines>
        </class>
        <class name="AiTutor.Application.Features.Subscriptions.Queries.GetAllSubscriptions.GetAllSubscriptionsQueryHandler/&lt;Handle&gt;d__2" filename="AiTutor.Application\Features\Subscriptions\Queries\GetAllSubscriptions\GetAllSubscriptionsQueryHandler.cs" line-rate="1" branch-rate="1" complexity="1">
          <methods>
            <method name="MoveNext" signature="()" line-rate="1" branch-rate="1" complexity="1">
              <lines>
                <line number="19" hits="3" branch="False" />
                <line number="20" hits="3" branch="False" />
                <line number="21" hits="3" branch="False" />
                <line number="23" hits="3" branch="False" />
                <line number="25" hits="3" branch="False" />
                <line number="26" hits="3" branch="False" />
                <line number="27" hits="3" branch="False" />
                <line number="28" hits="3" branch="False" />
                <line number="40" hits="3" branch="False" />
                <line number="41" hits="3" branch="False" />
                <line number="42" hits="3" branch="False" />
              </lines>
            </method>
          </methods>
          <lines>
            <line number="19" hits="3" branch="False" />
            <line number="20" hits="3" branch="False" />
            <line number="21" hits="3" branch="False" />
            <line number="23" hits="3" branch="False" />
            <line number="25" hits="3" branch="False" />
            <line number="26" hits="3" branch="False" />
            <line number="27" hits="3" branch="False" />
            <line number="28" hits="3" branch="False" />
            <line number="40" hits="3" branch="False" />
            <line number="41" hits="3" branch="False" />
            <line number="42" hits="3" branch="False" />
          </lines>
        </class>
        <class name="AiTutor.Application.Features.Subscriptions.Commands.HandleStripeWebhook.HandleStripeWebhookCommand" filename="AiTutor.Application\Features\Subscriptions\Commands\HandleStripeWebhook\HandleStripeWebhookCommand.cs" line-rate="0" branch-rate="1" complexity="3">
          <methods>
            <method name="get_Payload" signature="()" line-rate="0" branch-rate="1" complexity="1">
              <lines>
                <line number="11" hits="0" branch="False" />
              </lines>
            </method>
            <method name="get_SignatureHeader" signature="()" line-rate="0" branch-rate="1" complexity="1">
              <lines>
                <line number="12" hits="0" branch="False" />
              </lines>
            </method>
            <method name=".ctor" signature="(System.String,System.String)" line-rate="0" branch-rate="1" complexity="1">
              <lines>
                <line number="10" hits="0" branch="False" />
                <line number="13" hits="0" branch="False" />
              </lines>
            </method>
          </methods>
          <lines>
            <line number="11" hits="0" branch="False" />
            <line number="12" hits="0" branch="False" />
            <line number="10" hits="0" branch="False" />
            <line number="13" hits="0" branch="False" />
          </lines>
        </class>
        <class name="AiTutor.Application.Features.Subscriptions.Commands.HandleStripeWebhook.HandleStripeWebhookCommandHandler" filename="AiTutor.Application\Features\Subscriptions\Commands\HandleStripeWebhook\HandleStripeWebhookCommandHandler.cs" line-rate="0" branch-rate="1" complexity="1">
          <methods>
            <method name=".ctor" signature="(AiTutor.Application.Common.Interfaces.IApplicationDbContext,AiTutor.Application.Common.Interfaces.IStripeService,Microsoft.Extensions.Logging.ILogger`1&lt;AiTutor.Application.Features.Subscriptions.Commands.HandleStripeWebhook.HandleStripeWebhookCommandHandler&gt;)" line-rate="0" branch-rate="1" complexity="1">
              <lines>
                <line number="19" hits="0" branch="False" />
                <line number="20" hits="0" branch="False" />
                <line number="21" hits="0" branch="False" />
                <line number="22" hits="0" branch="False" />
                <line number="23" hits="0" branch="False" />
                <line number="24" hits="0" branch="False" />
                <line number="25" hits="0" branch="False" />
                <line number="26" hits="0" branch="False" />
                <line number="27" hits="0" branch="False" />
              </lines>
            </method>
          </methods>
          <lines>
            <line number="19" hits="0" branch="False" />
            <line number="20" hits="0" branch="False" />
            <line number="21" hits="0" branch="False" />
            <line number="22" hits="0" branch="False" />
            <line number="23" hits="0" branch="False" />
            <line number="24" hits="0" branch="False" />
            <line number="25" hits="0" branch="False" />
            <line number="26" hits="0" branch="False" />
            <line number="27" hits="0" branch="False" />
          </lines>
        </class>
        <class name="AiTutor.Application.Features.Subscriptions.Commands.HandleStripeWebhook.HandleStripeWebhookCommandHandler/&lt;FindSubscription&gt;d__8" filename="AiTutor.Application\Features\Subscriptions\Commands\HandleStripeWebhook\HandleStripeWebhookCommandHandler.cs" line-rate="0" branch-rate="0" complexity="4">
          <methods>
            <method name="MoveNext" signature="()" line-rate="0" branch-rate="0" complexity="4">
              <lines>
                <line number="235" hits="0" branch="False" />
                <line number="237" hits="0" branch="False" />
                <line number="238" hits="0" branch="False" />
                <line number="240" hits="0" branch="True" condition-coverage="0% (0/2)">
                  <conditions>
                    <condition number="330" type="jump" coverage="0%" />
                  </conditions>
                </line>
                <line number="243" hits="0" branch="True" condition-coverage="0% (0/2)">
                  <conditions>
                    <condition number="376" type="jump" coverage="0%" />
                  </conditions>
                </line>
                <line number="245" hits="0" branch="False" />
                <line number="246" hits="0" branch="False" />
                <line number="247" hits="0" branch="False" />
                <line number="248" hits="0" branch="False" />
                <line number="249" hits="0" branch="False" />
                <line number="250" hits="0" branch="False" />
                <line number="251" hits="0" branch="False" />
              </lines>
            </method>
          </methods>
          <lines>
            <line number="235" hits="0" branch="False" />
            <line number="237" hits="0" branch="False" />
            <line number="238" hits="0" branch="False" />
            <line number="240" hits="0" branch="True" condition-coverage="0% (0/2)">
              <conditions>
                <condition number="330" type="jump" coverage="0%" />
              </conditions>
            </line>
            <line number="243" hits="0" branch="True" condition-coverage="0% (0/2)">
              <conditions>
                <condition number="376" type="jump" coverage="0%" />
              </conditions>
            </line>
            <line number="245" hits="0" branch="False" />
            <line number="246" hits="0" branch="False" />
            <line number="247" hits="0" branch="False" />
            <line number="248" hits="0" branch="False" />
            <line number="249" hits="0" branch="False" />
            <line number="250" hits="0" branch="False" />
            <line number="251" hits="0" branch="False" />
          </lines>
        </class>
        <class name="AiTutor.Application.Features.Subscriptions.Commands.HandleStripeWebhook.HandleStripeWebhookCommandHandler/&lt;Handle&gt;d__4" filename="AiTutor.Application\Features\Subscriptions\Commands\HandleStripeWebhook\HandleStripeWebhookCommandHandler.cs" line-rate="0" branch-rate="0" complexity="8">
          <methods>
            <method name="MoveNext" signature="()" line-rate="0" branch-rate="0" complexity="8">
              <lines>
                <line number="31" hits="0" branch="False" />
                <line number="37" hits="0" branch="False" />
                <line number="38" hits="0" branch="False" />
                <line number="39" hits="0" branch="False" />
                <line number="40" hits="0" branch="False" />
                <line number="41" hits="0" branch="False" />
                <line number="42" hits="0" branch="False" />
                <line number="43" hits="0" branch="False" />
                <line number="46" hits="0" branch="False" />
                <line number="47" hits="0" branch="False" />
                <line number="48" hits="0" branch="False" />
                <line number="51" hits="0" branch="True" condition-coverage="0% (0/8)">
                  <conditions>
                    <condition number="249" type="jump" coverage="0%" />
                    <condition number="263" type="jump" coverage="0%" />
                    <condition number="280" type="jump" coverage="0%" />
                    <condition number="297" type="jump" coverage="0%" />
                  </conditions>
                </line>
                <line number="54" hits="0" branch="False" />
                <line number="55" hits="0" branch="False" />
                <line number="59" hits="0" branch="False" />
                <line number="60" hits="0" branch="False" />
                <line number="63" hits="0" branch="False" />
                <line number="64" hits="0" branch="False" />
                <line number="69" hits="0" branch="False" />
                <line number="70" hits="0" branch="False" />
                <line number="73" hits="0" branch="False" />
                <line number="74" hits="0" branch="False" />
              </lines>
            </method>
          </methods>
          <lines>
            <line number="31" hits="0" branch="False" />
            <line number="37" hits="0" branch="False" />
            <line number="38" hits="0" branch="False" />
            <line number="39" hits="0" branch="False" />
            <line number="40" hits="0" branch="False" />
            <line number="41" hits="0" branch="False" />
            <line number="42" hits="0" branch="False" />
            <line number="43" hits="0" branch="False" />
            <line number="46" hits="0" branch="False" />
            <line number="47" hits="0" branch="False" />
            <line number="48" hits="0" branch="False" />
            <line number="51" hits="0" branch="True" condition-coverage="0% (0/8)">
              <conditions>
                <condition number="249" type="jump" coverage="0%" />
                <condition number="263" type="jump" coverage="0%" />
                <condition number="280" type="jump" coverage="0%" />
                <condition number="297" type="jump" coverage="0%" />
              </conditions>
            </line>
            <line number="54" hits="0" branch="False" />
            <line number="55" hits="0" branch="False" />
            <line number="59" hits="0" branch="False" />
            <line number="60" hits="0" branch="False" />
            <line number="63" hits="0" branch="False" />
            <line number="64" hits="0" branch="False" />
            <line number="69" hits="0" branch="False" />
            <line number="70" hits="0" branch="False" />
            <line number="73" hits="0" branch="False" />
            <line number="74" hits="0" branch="False" />
          </lines>
        </class>
        <class name="AiTutor.Application.Features.Subscriptions.Commands.HandleStripeWebhook.HandleStripeWebhookCommandHandler/&lt;HandleCheckoutCompleted&gt;d__5" filename="AiTutor.Application\Features\Subscriptions\Commands\HandleStripeWebhook\HandleStripeWebhookCommandHandler.cs" line-rate="0" branch-rate="0" complexity="12">
          <methods>
            <method name="MoveNext" signature="()" line-rate="0" branch-rate="0" complexity="12">
              <lines>
                <line number="79" hits="0" branch="False" />
                <line number="80" hits="0" branch="True" condition-coverage="0% (0/2)">
                  <conditions>
                    <condition number="56" type="jump" coverage="0%" />
                  </conditions>
                </line>
                <line number="81" hits="0" branch="False" />
                <line number="82" hits="0" branch="False" />
                <line number="83" hits="0" branch="False" />
                <line number="86" hits="0" branch="False" />
                <line number="88" hits="0" branch="True" condition-coverage="0% (0/2)">
                  <conditions>
                    <condition number="142" type="jump" coverage="0%" />
                  </conditions>
                </line>
                <line number="89" hits="0" branch="False" />
                <line number="90" hits="0" branch="False" />
                <line number="91" hits="0" branch="False" />
                <line number="92" hits="0" branch="False" />
                <line number="93" hits="0" branch="False" />
                <line number="99" hits="0" branch="False" />
                <line number="100" hits="0" branch="False" />
                <line number="101" hits="0" branch="False" />
                <line number="102" hits="0" branch="False" />
                <line number="103" hits="0" branch="False" />
                <line number="104" hits="0" branch="False" />
                <line number="106" hits="0" branch="True" condition-coverage="0% (0/2)">
                  <conditions>
                    <condition number="655" type="jump" coverage="0%" />
                  </conditions>
                </line>
                <line number="107" hits="0" branch="False" />
                <line number="108" hits="0" branch="False" />
                <line number="109" hits="0" branch="False" />
                <line number="110" hits="0" branch="False" />
                <line number="111" hits="0" branch="False" />
                <line number="115" hits="0" branch="True" condition-coverage="0% (0/2)">
                  <conditions>
                    <condition number="760" type="jump" coverage="0%" />
                  </conditions>
                </line>
                <line number="116" hits="0" branch="False" />
                <line number="117" hits="0" branch="False" />
                <line number="118" hits="0" branch="False" />
                <line number="122" hits="0" branch="True" condition-coverage="0% (0/4)">
                  <conditions>
                    <condition number="831" type="jump" coverage="0%" />
                    <condition number="864" type="jump" coverage="0%" />
                  </conditions>
                </line>
                <line number="123" hits="0" branch="False" />
                <line number="124" hits="0" branch="False" />
                <line number="125" hits="0" branch="False" />
                <line number="126" hits="0" branch="False" />
                <line number="128" hits="0" branch="False" />
                <line number="129" hits="0" branch="False" />
                <line number="131" hits="0" branch="False" />
                <line number="132" hits="0" branch="False" />
                <line number="133" hits="0" branch="False" />
                <line number="137" hits="0" branch="False" />
              </lines>
            </method>
          </methods>
          <lines>
            <line number="79" hits="0" branch="False" />
            <line number="80" hits="0" branch="True" condition-coverage="0% (0/2)">
              <conditions>
                <condition number="56" type="jump" coverage="0%" />
              </conditions>
            </line>
            <line number="81" hits="0" branch="False" />
            <line number="82" hits="0" branch="False" />
            <line number="83" hits="0" branch="False" />
            <line number="86" hits="0" branch="False" />
            <line number="88" hits="0" branch="True" condition-coverage="0% (0/2)">
              <conditions>
                <condition number="142" type="jump" coverage="0%" />
              </conditions>
            </line>
            <line number="89" hits="0" branch="False" />
            <line number="90" hits="0" branch="False" />
            <line number="91" hits="0" branch="False" />
            <line number="92" hits="0" branch="False" />
            <line number="93" hits="0" branch="False" />
            <line number="99" hits="0" branch="False" />
            <line number="100" hits="0" branch="False" />
            <line number="101" hits="0" branch="False" />
            <line number="102" hits="0" branch="False" />
            <line number="103" hits="0" branch="False" />
            <line number="104" hits="0" branch="False" />
            <line number="106" hits="0" branch="True" condition-coverage="0% (0/2)">
              <conditions>
                <condition number="655" type="jump" coverage="0%" />
              </conditions>
            </line>
            <line number="107" hits="0" branch="False" />
            <line number="108" hits="0" branch="False" />
            <line number="109" hits="0" branch="False" />
            <line number="110" hits="0" branch="False" />
            <line number="111" hits="0" branch="False" />
            <line number="115" hits="0" branch="True" condition-coverage="0% (0/2)">
              <conditions>
                <condition number="760" type="jump" coverage="0%" />
              </conditions>
            </line>
            <line number="116" hits="0" branch="False" />
            <line number="117" hits="0" branch="False" />
            <line number="118" hits="0" branch="False" />
            <line number="122" hits="0" branch="True" condition-coverage="0% (0/4)">
              <conditions>
                <condition number="831" type="jump" coverage="0%" />
                <condition number="864" type="jump" coverage="0%" />
              </conditions>
            </line>
            <line number="123" hits="0" branch="False" />
            <line number="124" hits="0" branch="False" />
            <line number="125" hits="0" branch="False" />
            <line number="126" hits="0" branch="False" />
            <line number="128" hits="0" branch="False" />
            <line number="129" hits="0" branch="False" />
            <line number="131" hits="0" branch="False" />
            <line number="132" hits="0" branch="False" />
            <line number="133" hits="0" branch="False" />
            <line number="137" hits="0" branch="False" />
          </lines>
        </class>
        <class name="AiTutor.Application.Features.Subscriptions.Commands.HandleStripeWebhook.HandleStripeWebhookCommandHandler/&lt;HandleSubscriptionDeleted&gt;d__7" filename="AiTutor.Application\Features\Subscriptions\Commands\HandleStripeWebhook\HandleStripeWebhookCommandHandler.cs" line-rate="0" branch-rate="0" complexity="6">
          <methods>
            <method name="MoveNext" signature="()" line-rate="0" branch-rate="0" complexity="6">
              <lines>
                <line number="208" hits="0" branch="False" />
                <line number="209" hits="0" branch="True" condition-coverage="0% (0/2)">
                  <conditions>
                    <condition number="42" type="jump" coverage="0%" />
                  </conditions>
                </line>
                <line number="211" hits="0" branch="False" />
                <line number="212" hits="0" branch="True" condition-coverage="0% (0/2)">
                  <conditions>
                    <condition number="204" type="jump" coverage="0%" />
                  </conditions>
                </line>
                <line number="214" hits="0" branch="True" condition-coverage="0% (0/2)">
                  <conditions>
                    <condition number="237" type="jump" coverage="0%" />
                  </conditions>
                </line>
                <line number="216" hits="0" branch="False" />
                <line number="217" hits="0" branch="False" />
                <line number="218" hits="0" branch="False" />
                <line number="220" hits="0" branch="False" />
                <line number="221" hits="0" branch="False" />
                <line number="222" hits="0" branch="False" />
                <line number="223" hits="0" branch="False" />
              </lines>
            </method>
          </methods>
          <lines>
            <line number="208" hits="0" branch="False" />
            <line number="209" hits="0" branch="True" condition-coverage="0% (0/2)">
              <conditions>
                <condition number="42" type="jump" coverage="0%" />
              </conditions>
            </line>
            <line number="211" hits="0" branch="False" />
            <line number="212" hits="0" branch="True" condition-coverage="0% (0/2)">
              <conditions>
                <condition number="204" type="jump" coverage="0%" />
              </conditions>
            </line>
            <line number="214" hits="0" branch="True" condition-coverage="0% (0/2)">
              <conditions>
                <condition number="237" type="jump" coverage="0%" />
              </conditions>
            </line>
            <line number="216" hits="0" branch="False" />
            <line number="217" hits="0" branch="False" />
            <line number="218" hits="0" branch="False" />
            <line number="220" hits="0" branch="False" />
            <line number="221" hits="0" branch="False" />
            <line number="222" hits="0" branch="False" />
            <line number="223" hits="0" branch="False" />
          </lines>
        </class>
        <class name="AiTutor.Application.Features.Subscriptions.Commands.HandleStripeWebhook.HandleStripeWebhookCommandHandler/&lt;HandleSubscriptionUpdated&gt;d__6" filename="AiTutor.Application\Features\Subscriptions\Commands\HandleStripeWebhook\HandleStripeWebhookCommandHandler.cs" line-rate="0" branch-rate="0" complexity="13">
          <methods>
            <method name="MoveNext" signature="()" line-rate="0" branch-rate="0" complexity="13">
              <lines>
                <line number="140" hits="0" branch="False" />
                <line number="141" hits="0" branch="True" condition-coverage="0% (0/2)">
                  <conditions>
                    <condition number="45" type="jump" coverage="0%" />
                  </conditions>
                </line>
                <line number="142" hits="0" branch="False" />
                <line number="143" hits="0" branch="False" />
                <line number="144" hits="0" branch="False" />
                <line number="147" hits="0" branch="False" />
                <line number="149" hits="0" branch="False" />
                <line number="150" hits="0" branch="True" condition-coverage="0% (0/2)">
                  <conditions>
                    <condition number="247" type="jump" coverage="0%" />
                  </conditions>
                </line>
                <line number="151" hits="0" branch="False" />
                <line number="152" hits="0" branch="False" />
                <line number="153" hits="0" branch="False" />
                <line number="154" hits="0" branch="False" />
                <line number="155" hits="0" branch="False" />
                <line number="158" hits="0" branch="True" condition-coverage="0% (0/2)">
                  <conditions>
                    <condition number="323" type="jump" coverage="0%" />
                  </conditions>
                </line>
                <line number="159" hits="0" branch="False" />
                <line number="160" hits="0" branch="False" />
                <line number="161" hits="0" branch="False" />
                <line number="166" hits="0" branch="True" condition-coverage="0% (0/2)">
                  <conditions>
                    <condition number="393" type="jump" coverage="0%" />
                  </conditions>
                </line>
                <line number="167" hits="0" branch="False" />
                <line number="168" hits="0" branch="False" />
                <line number="169" hits="0" branch="False" />
                <line number="172" hits="0" branch="False" />
                <line number="174" hits="0" branch="True" condition-coverage="0% (0/5)">
                  <conditions>
                    <condition number="481" type="switch" coverage="0%" />
                  </conditions>
                </line>
                <line number="177" hits="0" branch="False" />
                <line number="178" hits="0" branch="False" />
                <line number="181" hits="0" branch="False" />
                <line number="182" hits="0" branch="False" />
                <line number="185" hits="0" branch="False" />
                <line number="186" hits="0" branch="False" />
                <line number="189" hits="0" branch="False" />
                <line number="190" hits="0" branch="False" />
                <line number="193" hits="0" branch="False" />
                <line number="194" hits="0" branch="False" />
                <line number="195" hits="0" branch="False" />
                <line number="196" hits="0" branch="False" />
                <line number="199" hits="0" branch="False" />
                <line number="200" hits="0" branch="False" />
                <line number="202" hits="0" branch="False" />
                <line number="203" hits="0" branch="False" />
                <line number="204" hits="0" branch="False" />
                <line number="205" hits="0" branch="False" />
              </lines>
            </method>
          </methods>
          <lines>
            <line number="140" hits="0" branch="False" />
            <line number="141" hits="0" branch="True" condition-coverage="0% (0/2)">
              <conditions>
                <condition number="45" type="jump" coverage="0%" />
              </conditions>
            </line>
            <line number="142" hits="0" branch="False" />
            <line number="143" hits="0" branch="False" />
            <line number="144" hits="0" branch="False" />
            <line number="147" hits="0" branch="False" />
            <line number="149" hits="0" branch="False" />
            <line number="150" hits="0" branch="True" condition-coverage="0% (0/2)">
              <conditions>
                <condition number="247" type="jump" coverage="0%" />
              </conditions>
            </line>
            <line number="151" hits="0" branch="False" />
            <line number="152" hits="0" branch="False" />
            <line number="153" hits="0" branch="False" />
            <line number="154" hits="0" branch="False" />
            <line number="155" hits="0" branch="False" />
            <line number="158" hits="0" branch="True" condition-coverage="0% (0/2)">
              <conditions>
                <condition number="323" type="jump" coverage="0%" />
              </conditions>
            </line>
            <line number="159" hits="0" branch="False" />
            <line number="160" hits="0" branch="False" />
            <line number="161" hits="0" branch="False" />
            <line number="166" hits="0" branch="True" condition-coverage="0% (0/2)">
              <conditions>
                <condition number="393" type="jump" coverage="0%" />
              </conditions>
            </line>
            <line number="167" hits="0" branch="False" />
            <line number="168" hits="0" branch="False" />
            <line number="169" hits="0" branch="False" />
            <line number="172" hits="0" branch="False" />
            <line number="174" hits="0" branch="True" condition-coverage="0% (0/5)">
              <conditions>
                <condition number="481" type="switch" coverage="0%" />
              </conditions>
            </line>
            <line number="177" hits="0" branch="False" />
            <line number="178" hits="0" branch="False" />
            <line number="181" hits="0" branch="False" />
            <line number="182" hits="0" branch="False" />
            <line number="185" hits="0" branch="False" />
            <line number="186" hits="0" branch="False" />
            <line number="189" hits="0" branch="False" />
            <line number="190" hits="0" branch="False" />
            <line number="193" hits="0" branch="False" />
            <line number="194" hits="0" branch="False" />
            <line number="195" hits="0" branch="False" />
            <line number="196" hits="0" branch="False" />
            <line number="199" hits="0" branch="False" />
            <line number="200" hits="0" branch="False" />
            <line number="202" hits="0" branch="False" />
            <line number="203" hits="0" branch="False" />
            <line number="204" hits="0" branch="False" />
            <line number="205" hits="0" branch="False" />
          </lines>
        </class>
        <class name="AiTutor.Application.Features.Subscriptions.Commands.CreateSubscription.CreateSubscriptionCommand" filename="AiTutor.Application\Features\Subscriptions\Commands\CreateSubscription\CreateSubscriptionCommand.cs" line-rate="1" branch-rate="1" complexity="6">
          <methods>
            <method name="get_UserId" signature="()" line-rate="1" branch-rate="1" complexity="1">
              <lines>
                <line number="8" hits="7" branch="False" />
              </lines>
            </method>
            <method name="get_Type" signature="()" line-rate="1" branch-rate="1" complexity="1">
              <lines>
                <line number="9" hits="1" branch="False" />
              </lines>
            </method>
            <method name="get_Price" signature="()" line-rate="1" branch-rate="1" complexity="1">
              <lines>
                <line number="10" hits="4" branch="False" />
              </lines>
            </method>
            <method name="get_StartDate" signature="()" line-rate="1" branch-rate="1" complexity="1">
              <lines>
                <line number="11" hits="4" branch="False" />
              </lines>
            </method>
            <method name="get_EndDate" signature="()" line-rate="1" branch-rate="1" complexity="1">
              <lines>
                <line number="12" hits="7" branch="False" />
              </lines>
            </method>
            <method name=".ctor" signature="(System.Guid,AiTutor.Domain.Enums.SubscriptionType,System.Decimal,System.DateTime,System.DateTime)" line-rate="1" branch-rate="1" complexity="1">
              <lines>
                <line number="7" hits="5" branch="False" />
                <line number="13" hits="5" branch="False" />
              </lines>
            </method>
          </methods>
          <lines>
            <line number="8" hits="7" branch="False" />
            <line number="9" hits="1" branch="False" />
            <line number="10" hits="4" branch="False" />
            <line number="11" hits="4" branch="False" />
            <line number="12" hits="7" branch="False" />
            <line number="7" hits="5" branch="False" />
            <line number="13" hits="5" branch="False" />
          </lines>
        </class>
        <class name="AiTutor.Application.Features.Subscriptions.Commands.CreateSubscription.SubscriptionResponse" filename="AiTutor.Application\Features\Subscriptions\Commands\CreateSubscription\CreateSubscriptionCommand.cs" line-rate="0.44439999999999996" branch-rate="1" complexity="8">
          <methods>
            <method name="get_Id" signature="()" line-rate="0" branch-rate="1" complexity="1">
              <lines>
                <line number="16" hits="0" branch="False" />
              </lines>
            </method>
            <method name="get_UserId" signature="()" line-rate="1" branch-rate="1" complexity="1">
              <lines>
                <line number="17" hits="1" branch="False" />
              </lines>
            </method>
            <method name="get_Type" signature="()" line-rate="1" branch-rate="1" complexity="1">
              <lines>
                <line number="18" hits="1" branch="False" />
              </lines>
            </method>
            <method name="get_Price" signature="()" line-rate="0" branch-rate="1" complexity="1">
              <lines>
                <line number="19" hits="0" branch="False" />
              </lines>
            </method>
            <method name="get_StartDate" signature="()" line-rate="0" branch-rate="1" complexity="1">
              <lines>
                <line number="20" hits="0" branch="False" />
              </lines>
            </method>
            <method name="get_EndDate" signature="()" line-rate="0" branch-rate="1" complexity="1">
              <lines>
                <line number="21" hits="0" branch="False" />
              </lines>
            </method>
            <method name="get_IsActive" signature="()" line-rate="0" branch-rate="1" complexity="1">
              <lines>
                <line number="22" hits="0" branch="False" />
              </lines>
            </method>
            <method name=".ctor" signature="(System.Guid,System.Guid,AiTutor.Domain.Enums.SubscriptionType,System.Decimal,System.DateTime,System.DateTime,System.Boolean)" line-rate="1" branch-rate="1" complexity="1">
              <lines>
                <line number="15" hits="7" branch="False" />
                <line number="23" hits="7" branch="False" />
              </lines>
            </method>
          </methods>
          <lines>
            <line number="16" hits="0" branch="False" />
            <line number="17" hits="1" branch="False" />
            <line number="18" hits="1" branch="False" />
            <line number="19" hits="0" branch="False" />
            <line number="20" hits="0" branch="False" />
            <line number="21" hits="0" branch="False" />
            <line number="22" hits="0" branch="False" />
            <line number="15" hits="7" branch="False" />
            <line number="23" hits="7" branch="False" />
          </lines>
        </class>
        <class name="AiTutor.Application.Features.Subscriptions.Commands.CreateSubscription.CreateSubscriptionCommandHandler" filename="AiTutor.Application\Features\Subscriptions\Commands\CreateSubscription\CreateSubscriptionCommandHandler.cs" line-rate="1" branch-rate="1" complexity="1">
          <methods>
            <method name=".ctor" signature="(AiTutor.Application.Common.Interfaces.IApplicationDbContext)" line-rate="1" branch-rate="1" complexity="1">
              <lines>
                <line number="14" hits="2" branch="False" />
                <line number="15" hits="2" branch="False" />
              </lines>
            </method>
          </methods>
          <lines>
            <line number="14" hits="2" branch="False" />
            <line number="15" hits="2" branch="False" />
          </lines>
        </class>
        <class name="AiTutor.Application.Features.Subscriptions.Commands.CreateSubscription.CreateSubscriptionCommandHandler/&lt;Handle&gt;d__2" filename="AiTutor.Application\Features\Subscriptions\Commands\CreateSubscription\CreateSubscriptionCommandHandler.cs" line-rate="1" branch-rate="1" complexity="2">
          <methods>
            <method name="MoveNext" signature="()" line-rate="1" branch-rate="1" complexity="2">
              <lines>
                <line number="19" hits="2" branch="False" />
                <line number="20" hits="2" branch="False" />
                <line number="21" hits="2" branch="False" />
                <line number="23" hits="2" branch="True" condition-coverage="100% (2/2)">
                  <conditions>
                    <condition number="339" type="jump" coverage="100%" />
                  </conditions>
                </line>
                <line number="24" hits="1" branch="False" />
                <line number="26" hits="1" branch="False" />
                <line number="27" hits="1" branch="False" />
                <line number="28" hits="1" branch="False" />
                <line number="29" hits="1" branch="False" />
                <line number="30" hits="1" branch="False" />
                <line number="31" hits="1" branch="False" />
                <line number="32" hits="1" branch="False" />
                <line number="34" hits="1" branch="False" />
                <line number="35" hits="1" branch="False" />
                <line number="37" hits="1" branch="False" />
                <line number="38" hits="1" branch="False" />
                <line number="39" hits="1" branch="False" />
                <line number="40" hits="1" branch="False" />
                <line number="41" hits="1" branch="False" />
                <line number="42" hits="1" branch="False" />
                <line number="43" hits="1" branch="False" />
                <line number="44" hits="1" branch="False" />
                <line number="45" hits="1" branch="False" />
                <line number="46" hits="1" branch="False" />
              </lines>
            </method>
          </methods>
          <lines>
            <line number="19" hits="2" branch="False" />
            <line number="20" hits="2" branch="False" />
            <line number="21" hits="2" branch="False" />
            <line number="23" hits="2" branch="True" condition-coverage="100% (2/2)">
              <conditions>
                <condition number="339" type="jump" coverage="100%" />
              </conditions>
            </line>
            <line number="24" hits="1" branch="False" />
            <line number="26" hits="1" branch="False" />
            <line number="27" hits="1" branch="False" />
            <line number="28" hits="1" branch="False" />
            <line number="29" hits="1" branch="False" />
            <line number="30" hits="1" branch="False" />
            <line number="31" hits="1" branch="False" />
            <line number="32" hits="1" branch="False" />
            <line number="34" hits="1" branch="False" />
            <line number="35" hits="1" branch="False" />
            <line number="37" hits="1" branch="False" />
            <line number="38" hits="1" branch="False" />
            <line number="39" hits="1" branch="False" />
            <line number="40" hits="1" branch="False" />
            <line number="41" hits="1" branch="False" />
            <line number="42" hits="1" branch="False" />
            <line number="43" hits="1" branch="False" />
            <line number="44" hits="1" branch="False" />
            <line number="45" hits="1" branch="False" />
            <line number="46" hits="1" branch="False" />
          </lines>
        </class>
        <class name="AiTutor.Application.Features.Subscriptions.Commands.CreateSubscription.CreateSubscriptionCommandValidator" filename="AiTutor.Application\Features\Subscriptions\Commands\CreateSubscription\CreateSubscriptionCommandValidator.cs" line-rate="1" branch-rate="1" complexity="1">
          <methods>
            <method name=".ctor" signature="()" line-rate="1" branch-rate="1" complexity="1">
              <lines>
                <line number="7" hits="3" branch="False" />
                <line number="8" hits="3" branch="False" />
                <line number="9" hits="3" branch="False" />
                <line number="10" hits="3" branch="False" />
                <line number="11" hits="3" branch="False" />
                <line number="12" hits="3" branch="False" />
                <line number="13" hits="3" branch="False" />
              </lines>
            </method>
          </methods>
          <lines>
            <line number="7" hits="3" branch="False" />
            <line number="8" hits="3" branch="False" />
            <line number="9" hits="3" branch="False" />
            <line number="10" hits="3" branch="False" />
            <line number="11" hits="3" branch="False" />
            <line number="12" hits="3" branch="False" />
            <line number="13" hits="3" branch="False" />
          </lines>
        </class>
        <class name="AiTutor.Application.Features.Subscriptions.Commands.CreateCheckoutSession.CreateCheckoutSessionCommand" filename="AiTutor.Application\Features\Subscriptions\Commands\CreateCheckoutSession\CreateCheckoutSessionCommand.cs" line-rate="0" branch-rate="1" complexity="3">
          <methods>
            <method name="get_UserId" signature="()" line-rate="0" branch-rate="1" complexity="1">
              <lines>
                <line number="8" hits="0" branch="False" />
              </lines>
            </method>
            <method name="get_SubscriptionType" signature="()" line-rate="0" branch-rate="1" complexity="1">
              <lines>
                <line number="9" hits="0" branch="False" />
              </lines>
            </method>
            <method name=".ctor" signature="(System.Guid,AiTutor.Domain.Enums.SubscriptionType)" line-rate="0" branch-rate="1" complexity="1">
              <lines>
                <line number="7" hits="0" branch="False" />
                <line number="10" hits="0" branch="False" />
              </lines>
            </method>
          </methods>
          <lines>
            <line number="8" hits="0" branch="False" />
            <line number="9" hits="0" branch="False" />
            <line number="7" hits="0" branch="False" />
            <line number="10" hits="0" branch="False" />
          </lines>
        </class>
        <class name="AiTutor.Application.Features.Subscriptions.Commands.CreateCheckoutSession.CheckoutSessionResponse" filename="AiTutor.Application\Features\Subscriptions\Commands\CreateCheckoutSession\CreateCheckoutSessionCommand.cs" line-rate="0" branch-rate="1" complexity="3">
          <methods>
            <method name="get_SessionId" signature="()" line-rate="0" branch-rate="1" complexity="1">
              <lines>
                <line number="13" hits="0" branch="False" />
              </lines>
            </method>
            <method name="get_CheckoutUrl" signature="()" line-rate="0" branch-rate="1" complexity="1">
              <lines>
                <line number="14" hits="0" branch="False" />
              </lines>
            </method>
            <method name=".ctor" signature="(System.String,System.String)" line-rate="0" branch-rate="1" complexity="1">
              <lines>
                <line number="12" hits="0" branch="False" />
              </lines>
            </method>
          </methods>
          <lines>
            <line number="13" hits="0" branch="False" />
            <line number="14" hits="0" branch="False" />
            <line number="12" hits="0" branch="False" />
          </lines>
        </class>
        <class name="AiTutor.Application.Features.Subscriptions.Commands.CreateCheckoutSession.CreateCheckoutSessionCommandHandler" filename="AiTutor.Application\Features\Subscriptions\Commands\CreateCheckoutSession\CreateCheckoutSessionCommandHandler.cs" line-rate="0" branch-rate="0" complexity="5">
          <methods>
            <method name="ResolvePriceFor" signature="(AiTutor.Domain.Enums.SubscriptionType)" line-rate="0" branch-rate="0" complexity="4">
              <lines>
                <line number="82" hits="0" branch="True" condition-coverage="0% (0/4)">
                  <conditions>
                    <condition number="7" type="switch" coverage="0%" />
                  </conditions>
                </line>
                <line number="83" hits="0" branch="False" />
                <line number="84" hits="0" branch="False" />
                <line number="85" hits="0" branch="False" />
                <line number="86" hits="0" branch="False" />
                <line number="87" hits="0" branch="False" />
                <line number="88" hits="0" branch="False" />
              </lines>
            </method>
            <method name=".ctor" signature="(AiTutor.Application.Common.Interfaces.IApplicationDbContext,AiTutor.Application.Common.Interfaces.IStripeService)" line-rate="0" branch-rate="1" complexity="1">
              <lines>
                <line number="17" hits="0" branch="False" />
                <line number="18" hits="0" branch="False" />
                <line number="19" hits="0" branch="False" />
                <line number="20" hits="0" branch="False" />
                <line number="21" hits="0" branch="False" />
                <line number="22" hits="0" branch="False" />
                <line number="23" hits="0" branch="False" />
              </lines>
            </method>
          </methods>
          <lines>
            <line number="82" hits="0" branch="True" condition-coverage="0% (0/4)">
              <conditions>
                <condition number="7" type="switch" coverage="0%" />
              </conditions>
            </line>
            <line number="83" hits="0" branch="False" />
            <line number="84" hits="0" branch="False" />
            <line number="85" hits="0" branch="False" />
            <line number="86" hits="0" branch="False" />
            <line number="87" hits="0" branch="False" />
            <line number="88" hits="0" branch="False" />
            <line number="17" hits="0" branch="False" />
            <line number="18" hits="0" branch="False" />
            <line number="19" hits="0" branch="False" />
            <line number="20" hits="0" branch="False" />
            <line number="21" hits="0" branch="False" />
            <line number="22" hits="0" branch="False" />
            <line number="23" hits="0" branch="False" />
          </lines>
        </class>
        <class name="AiTutor.Application.Features.Subscriptions.Commands.CreateCheckoutSession.CreateCheckoutSessionCommandHandler/&lt;Handle&gt;d__3" filename="AiTutor.Application\Features\Subscriptions\Commands\CreateCheckoutSession\CreateCheckoutSessionCommandHandler.cs" line-rate="0" branch-rate="0" complexity="6">
          <methods>
            <method name="MoveNext" signature="()" line-rate="0" branch-rate="0" complexity="6">
              <lines>
                <line number="27" hits="0" branch="False" />
                <line number="29" hits="0" branch="False" />
                <line number="30" hits="0" branch="False" />
                <line number="32" hits="0" branch="True" condition-coverage="0% (0/2)">
                  <conditions>
                    <condition number="369" type="jump" coverage="0%" />
                  </conditions>
                </line>
                <line number="33" hits="0" branch="False" />
                <line number="36" hits="0" branch="False" />
                <line number="37" hits="0" branch="False" />
                <line number="38" hits="0" branch="False" />
                <line number="39" hits="0" branch="False" />
                <line number="40" hits="0" branch="False" />
                <line number="41" hits="0" branch="False" />
                <line number="43" hits="0" branch="True" condition-coverage="0% (0/2)">
                  <conditions>
                    <condition number="936" type="jump" coverage="0%" />
                  </conditions>
                </line>
                <line number="44" hits="0" branch="False" />
                <line number="45" hits="0" branch="False" />
                <line number="46" hits="0" branch="False" />
                <line number="47" hits="0" branch="False" />
                <line number="51" hits="0" branch="False" />
                <line number="52" hits="0" branch="False" />
                <line number="53" hits="0" branch="False" />
                <line number="54" hits="0" branch="False" />
                <line number="55" hits="0" branch="False" />
                <line number="58" hits="0" branch="True" condition-coverage="0% (0/2)">
                  <conditions>
                    <condition number="1229" type="jump" coverage="0%" />
                  </conditions>
                </line>
                <line number="59" hits="0" branch="False" />
                <line number="60" hits="0" branch="False" />
                <line number="61" hits="0" branch="False" />
                <line number="62" hits="0" branch="False" />
                <line number="63" hits="0" branch="False" />
                <line number="64" hits="0" branch="False" />
                <line number="65" hits="0" branch="False" />
                <line number="67" hits="0" branch="False" />
                <line number="68" hits="0" branch="False" />
                <line number="70" hits="0" branch="False" />
                <line number="71" hits="0" branch="False" />
                <line number="72" hits="0" branch="False" />
                <line number="73" hits="0" branch="False" />
                <line number="74" hits="0" branch="False" />
                <line number="75" hits="0" branch="False" />
              </lines>
            </method>
          </methods>
          <lines>
            <line number="27" hits="0" branch="False" />
            <line number="29" hits="0" branch="False" />
            <line number="30" hits="0" branch="False" />
            <line number="32" hits="0" branch="True" condition-coverage="0% (0/2)">
              <conditions>
                <condition number="369" type="jump" coverage="0%" />
              </conditions>
            </line>
            <line number="33" hits="0" branch="False" />
            <line number="36" hits="0" branch="False" />
            <line number="37" hits="0" branch="False" />
            <line number="38" hits="0" branch="False" />
            <line number="39" hits="0" branch="False" />
            <line number="40" hits="0" branch="False" />
            <line number="41" hits="0" branch="False" />
            <line number="43" hits="0" branch="True" condition-coverage="0% (0/2)">
              <conditions>
                <condition number="936" type="jump" coverage="0%" />
              </conditions>
            </line>
            <line number="44" hits="0" branch="False" />
            <line number="45" hits="0" branch="False" />
            <line number="46" hits="0" branch="False" />
            <line number="47" hits="0" branch="False" />
            <line number="51" hits="0" branch="False" />
            <line number="52" hits="0" branch="False" />
            <line number="53" hits="0" branch="False" />
            <line number="54" hits="0" branch="False" />
            <line number="55" hits="0" branch="False" />
            <line number="58" hits="0" branch="True" condition-coverage="0% (0/2)">
              <conditions>
                <condition number="1229" type="jump" coverage="0%" />
              </conditions>
            </line>
            <line number="59" hits="0" branch="False" />
            <line number="60" hits="0" branch="False" />
            <line number="61" hits="0" branch="False" />
            <line number="62" hits="0" branch="False" />
            <line number="63" hits="0" branch="False" />
            <line number="64" hits="0" branch="False" />
            <line number="65" hits="0" branch="False" />
            <line number="67" hits="0" branch="False" />
            <line number="68" hits="0" branch="False" />
            <line number="70" hits="0" branch="False" />
            <line number="71" hits="0" branch="False" />
            <line number="72" hits="0" branch="False" />
            <line number="73" hits="0" branch="False" />
            <line number="74" hits="0" branch="False" />
            <line number="75" hits="0" branch="False" />
          </lines>
        </class>
        <class name="AiTutor.Application.Features.Subscriptions.Commands.CreateCheckoutSession.CreateCheckoutSessionCommandValidator" filename="AiTutor.Application\Features\Subscriptions\Commands\CreateCheckoutSession\CreateCheckoutSessionCommandValidator.cs" line-rate="0" branch-rate="1" complexity="1">
          <methods>
            <method name=".ctor" signature="()" line-rate="0" branch-rate="1" complexity="1">
              <lines>
                <line number="9" hits="0" branch="False" />
                <line number="10" hits="0" branch="False" />
                <line number="11" hits="0" branch="False" />
                <line number="12" hits="0" branch="False" />
                <line number="13" hits="0" branch="False" />
                <line number="15" hits="0" branch="False" />
                <line number="16" hits="0" branch="False" />
                <line number="17" hits="0" branch="False" />
                <line number="18" hits="0" branch="False" />
                <line number="19" hits="0" branch="False" />
                <line number="20" hits="0" branch="False" />
              </lines>
            </method>
          </methods>
          <lines>
            <line number="9" hits="0" branch="False" />
            <line number="10" hits="0" branch="False" />
            <line number="11" hits="0" branch="False" />
            <line number="12" hits="0" branch="False" />
            <line number="13" hits="0" branch="False" />
            <line number="15" hits="0" branch="False" />
            <line number="16" hits="0" branch="False" />
            <line number="17" hits="0" branch="False" />
            <line number="18" hits="0" branch="False" />
            <line number="19" hits="0" branch="False" />
            <line number="20" hits="0" branch="False" />
          </lines>
        </class>
        <class name="AiTutor.Application.Features.Subscriptions.Commands.CancelSubscription.CancelSubscriptionCommand" filename="AiTutor.Application\Features\Subscriptions\Commands\CancelSubscription\CancelSubscriptionCommand.cs" line-rate="1" branch-rate="1" complexity="1">
          <methods>
            <method name="get_SubscriptionId" signature="()" line-rate="1" branch-rate="1" complexity="1">
              <lines>
                <line number="6" hits="9" branch="False" />
              </lines>
            </method>
          </methods>
          <lines>
            <line number="6" hits="9" branch="False" />
          </lines>
        </class>
        <class name="AiTutor.Application.Features.Subscriptions.Commands.CancelSubscription.CancelSubscriptionCommandHandler" filename="AiTutor.Application\Features\Subscriptions\Commands\CancelSubscription\CancelSubscriptionCommandHandler.cs" line-rate="1" branch-rate="1" complexity="1">
          <methods>
            <method name=".ctor" signature="(AiTutor.Application.Common.Interfaces.IApplicationDbContext,AiTutor.Application.Common.Interfaces.IStripeService,Microsoft.Extensions.Logging.ILogger`1&lt;AiTutor.Application.Features.Subscriptions.Commands.CancelSubscription.CancelSubscriptionCommandHandler&gt;)" line-rate="1" branch-rate="1" complexity="1">
              <lines>
                <line number="17" hits="3" branch="False" />
                <line number="18" hits="3" branch="False" />
                <line number="19" hits="3" branch="False" />
                <line number="20" hits="3" branch="False" />
                <line number="21" hits="3" branch="False" />
                <line number="22" hits="3" branch="False" />
                <line number="23" hits="3" branch="False" />
                <line number="24" hits="3" branch="False" />
                <line number="25" hits="3" branch="False" />
              </lines>
            </method>
          </methods>
          <lines>
            <line number="17" hits="3" branch="False" />
            <line number="18" hits="3" branch="False" />
            <line number="19" hits="3" branch="False" />
            <line number="20" hits="3" branch="False" />
            <line number="21" hits="3" branch="False" />
            <line number="22" hits="3" branch="False" />
            <line number="23" hits="3" branch="False" />
            <line number="24" hits="3" branch="False" />
            <line number="25" hits="3" branch="False" />
          </lines>
        </class>
        <class name="AiTutor.Application.Features.Subscriptions.Commands.CancelSubscription.CancelSubscriptionCommandHandler/&lt;Handle&gt;d__4" filename="AiTutor.Application\Features\Subscriptions\Commands\CancelSubscription\CancelSubscriptionCommandHandler.cs" line-rate="0.41369999999999996" branch-rate="0.8332999999999999" complexity="6">
          <methods>
            <method name="MoveNext" signature="()" line-rate="0.41369999999999996" branch-rate="0.8332999999999999" complexity="6">
              <lines>
                <line number="28" hits="3" branch="False" />
                <line number="29" hits="3" branch="False" />
                <line number="30" hits="3" branch="False" />
                <line number="32" hits="3" branch="True" condition-coverage="100% (2/2)">
                  <conditions>
                    <condition number="360" type="jump" coverage="100%" />
                  </conditions>
                </line>
                <line number="33" hits="1" branch="False" />
                <line number="35" hits="2" branch="True" condition-coverage="100% (2/2)">
                  <conditions>
                    <condition number="430" type="jump" coverage="100%" />
                  </conditions>
                </line>
                <line number="36" hits="1" branch="False" />
                <line number="41" hits="1" branch="True" condition-coverage="50% (1/2)">
                  <conditions>
                    <condition number="461" type="jump" coverage="50%" />
                  </conditions>
                </line>
                <line number="42" hits="0" branch="False" />
                <line number="44" hits="0" branch="False" />
                <line number="45" hits="0" branch="False" />
                <line number="46" hits="0" branch="False" />
                <line number="47" hits="0" branch="False" />
                <line number="48" hits="0" branch="False" />
                <line number="50" hits="0" branch="False" />
                <line number="51" hits="0" branch="False" />
                <line number="52" hits="0" branch="False" />
                <line number="53" hits="0" branch="False" />
                <line number="54" hits="0" branch="False" />
                <line number="55" hits="0" branch="False" />
                <line number="59" hits="0" branch="False" />
                <line number="60" hits="0" branch="False" />
                <line number="61" hits="0" branch="False" />
                <line number="62" hits="0" branch="False" />
                <line number="63" hits="0" branch="False" />
                <line number="65" hits="1" branch="False" />
                <line number="66" hits="1" branch="False" />
                <line number="68" hits="1" branch="False" />
                <line number="69" hits="1" branch="False" />
              </lines>
            </method>
          </methods>
          <lines>
            <line number="28" hits="3" branch="False" />
            <line number="29" hits="3" branch="False" />
            <line number="30" hits="3" branch="False" />
            <line number="32" hits="3" branch="True" condition-coverage="100% (2/2)">
              <conditions>
                <condition number="360" type="jump" coverage="100%" />
              </conditions>
            </line>
            <line number="33" hits="1" branch="False" />
            <line number="35" hits="2" branch="True" condition-coverage="100% (2/2)">
              <conditions>
                <condition number="430" type="jump" coverage="100%" />
              </conditions>
            </line>
            <line number="36" hits="1" branch="False" />
            <line number="41" hits="1" branch="True" condition-coverage="50% (1/2)">
              <conditions>
                <condition number="461" type="jump" coverage="50%" />
              </conditions>
            </line>
            <line number="42" hits="0" branch="False" />
            <line number="44" hits="0" branch="False" />
            <line number="45" hits="0" branch="False" />
            <line number="46" hits="0" branch="False" />
            <line number="47" hits="0" branch="False" />
            <line number="48" hits="0" branch="False" />
            <line number="50" hits="0" branch="False" />
            <line number="51" hits="0" branch="False" />
            <line number="52" hits="0" branch="False" />
            <line number="53" hits="0" branch="False" />
            <line number="54" hits="0" branch="False" />
            <line number="55" hits="0" branch="False" />
            <line number="59" hits="0" branch="False" />
            <line number="60" hits="0" branch="False" />
            <line number="61" hits="0" branch="False" />
            <line number="62" hits="0" branch="False" />
            <line number="63" hits="0" branch="False" />
            <line number="65" hits="1" branch="False" />
            <line number="66" hits="1" branch="False" />
            <line number="68" hits="1" branch="False" />
            <line number="69" hits="1" branch="False" />
          </lines>
        </class>
        <class name="AiTutor.Application.Features.Subjects.Queries.GetAllSubjects.SubjectDto" filename="AiTutor.Application\Features\Subjects\Queries\GetAllSubjects\GetAllSubjectsQuery.cs" line-rate="0" branch-rate="1" complexity="1">
          <methods>
            <method name="get_Id" signature="()" line-rate="0" branch-rate="1" complexity="1">
              <lines>
                <line number="9" hits="0" branch="False" />
              </lines>
            </method>
          </methods>
          <lines>
            <line number="9" hits="0" branch="False" />
          </lines>
        </class>
        <class name="AiTutor.Application.Features.Subjects.Queries.GetAllSubjects.GetAllSubjectsQueryHandler" filename="AiTutor.Application\Features\Subjects\Queries\GetAllSubjects\GetAllSubjectsQueryHandler.cs" line-rate="0" branch-rate="1" complexity="1">
          <methods>
            <method name=".ctor" signature="(AiTutor.Application.Common.Interfaces.IApplicationDbContext)" line-rate="0" branch-rate="1" complexity="1">
              <lines>
                <line number="12" hits="0" branch="False" />
                <line number="13" hits="0" branch="False" />
                <line number="14" hits="0" branch="False" />
                <line number="15" hits="0" branch="False" />
              </lines>
            </method>
          </methods>
          <lines>
            <line number="12" hits="0" branch="False" />
            <line number="13" hits="0" branch="False" />
            <line number="14" hits="0" branch="False" />
            <line number="15" hits="0" branch="False" />
          </lines>
        </class>
        <class name="AiTutor.Application.Features.Subjects.Queries.GetAllSubjects.GetAllSubjectsQueryHandler/&lt;Handle&gt;d__2" filename="AiTutor.Application\Features\Subjects\Queries\GetAllSubjects\GetAllSubjectsQueryHandler.cs" line-rate="0" branch-rate="1" complexity="1">
          <methods>
            <method name="MoveNext" signature="()" line-rate="0" branch-rate="1" complexity="1">
              <lines>
                <line number="19" hits="0" branch="False" />
                <line number="20" hits="0" branch="False" />
                <line number="21" hits="0" branch="False" />
                <line number="22" hits="0" branch="False" />
                <line number="23" hits="0" branch="False" />
                <line number="25" hits="0" branch="False" />
                <line number="26" hits="0" branch="False" />
              </lines>
            </method>
          </methods>
          <lines>
            <line number="19" hits="0" branch="False" />
            <line number="20" hits="0" branch="False" />
            <line number="21" hits="0" branch="False" />
            <line number="22" hits="0" branch="False" />
            <line number="23" hits="0" branch="False" />
            <line number="25" hits="0" branch="False" />
            <line number="26" hits="0" branch="False" />
          </lines>
        </class>
        <class name="AiTutor.Application.Features.Subjects.Commands.CreateSubject.CreateSubjectCommand" filename="AiTutor.Application\Features\Subjects\Commands\CreateSubject\CreateSubjectCommand.cs" line-rate="1" branch-rate="1" complexity="4">
          <methods>
            <method name="get_Name" signature="()" line-rate="1" branch-rate="1" complexity="1">
              <lines>
                <line number="8" hits="2" branch="False" />
              </lines>
            </method>
            <method name="get_Description" signature="()" line-rate="1" branch-rate="1" complexity="1">
              <lines>
                <line number="9" hits="2" branch="False" />
              </lines>
            </method>
            <method name="get_Type" signature="()" line-rate="1" branch-rate="1" complexity="1">
              <lines>
                <line number="10" hits="4" branch="False" />
              </lines>
            </method>
            <method name=".ctor" signature="(System.String,System.String,AiTutor.Domain.Enums.SubjectType)" line-rate="1" branch-rate="1" complexity="1">
              <lines>
                <line number="7" hits="2" branch="False" />
              </lines>
            </method>
          </methods>
          <lines>
            <line number="8" hits="2" branch="False" />
            <line number="9" hits="2" branch="False" />
            <line number="10" hits="4" branch="False" />
            <line number="7" hits="2" branch="False" />
          </lines>
        </class>
        <class name="AiTutor.Application.Features.Subjects.Commands.CreateSubject.SubjectResponse" filename="AiTutor.Application\Features\Subjects\Commands\CreateSubject\CreateSubjectCommand.cs" line-rate="1" branch-rate="1" complexity="1">
          <methods>
            <method name="get_Id" signature="()" line-rate="1" branch-rate="1" complexity="1">
              <lines>
                <line number="12" hits="4" branch="False" />
              </lines>
            </method>
          </methods>
          <lines>
            <line number="12" hits="4" branch="False" />
          </lines>
        </class>
        <class name="AiTutor.Application.Features.Subjects.Commands.CreateSubject.CreateSubjectCommandHandler" filename="AiTutor.Application\Features\Subjects\Commands\CreateSubject\CreateSubjectCommandHandler.cs" line-rate="1" branch-rate="1" complexity="1">
          <methods>
            <method name=".ctor" signature="(AiTutor.Application.Common.Interfaces.IApplicationDbContext)" line-rate="1" branch-rate="1" complexity="1">
              <lines>
                <line number="12" hits="2" branch="False" />
                <line number="13" hits="2" branch="False" />
                <line number="14" hits="2" branch="False" />
                <line number="15" hits="2" branch="False" />
              </lines>
            </method>
          </methods>
          <lines>
            <line number="12" hits="2" branch="False" />
            <line number="13" hits="2" branch="False" />
            <line number="14" hits="2" branch="False" />
            <line number="15" hits="2" branch="False" />
          </lines>
        </class>
        <class name="AiTutor.Application.Features.Subjects.Commands.CreateSubject.CreateSubjectCommandHandler/&lt;Handle&gt;d__2" filename="AiTutor.Application\Features\Subjects\Commands\CreateSubject\CreateSubjectCommandHandler.cs" line-rate="1" branch-rate="1" complexity="1">
          <methods>
            <method name="MoveNext" signature="()" line-rate="1" branch-rate="1" complexity="1">
              <lines>
                <line number="19" hits="2" branch="False" />
                <line number="20" hits="2" branch="False" />
                <line number="22" hits="2" branch="False" />
                <line number="23" hits="2" branch="False" />
                <line number="25" hits="2" branch="False" />
                <line number="26" hits="2" branch="False" />
                <line number="27" hits="2" branch="False" />
              </lines>
            </method>
          </methods>
          <lines>
            <line number="19" hits="2" branch="False" />
            <line number="20" hits="2" branch="False" />
            <line number="22" hits="2" branch="False" />
            <line number="23" hits="2" branch="False" />
            <line number="25" hits="2" branch="False" />
            <line number="26" hits="2" branch="False" />
            <line number="27" hits="2" branch="False" />
          </lines>
        </class>
        <class name="AiTutor.Application.Features.Subjects.Commands.CreateSubject.CreateSubjectCommandValidator" filename="AiTutor.Application\Features\Subjects\Commands\CreateSubject\CreateSubjectCommandValidator.cs" line-rate="0" branch-rate="1" complexity="1">
          <methods>
            <method name=".ctor" signature="()" line-rate="0" branch-rate="1" complexity="1">
              <lines>
                <line number="7" hits="0" branch="False" />
                <line number="8" hits="0" branch="False" />
                <line number="9" hits="0" branch="False" />
                <line number="10" hits="0" branch="False" />
                <line number="11" hits="0" branch="False" />
                <line number="13" hits="0" branch="False" />
                <line number="14" hits="0" branch="False" />
                <line number="15" hits="0" branch="False" />
                <line number="16" hits="0" branch="False" />
              </lines>
            </method>
          </methods>
          <lines>
            <line number="7" hits="0" branch="False" />
            <line number="8" hits="0" branch="False" />
[...]
              </conditions>
            </line>
            <line number="63" hits="0" branch="False" />
            <line number="65" hits="0" branch="True" condition-coverage="0% (0/2)">
              <conditions>
                <condition number="35" type="jump" coverage="0%" />
              </conditions>
            </line>
            <line number="66" hits="0" branch="False" />
            <line number="68" hits="0" branch="False" />
            <line number="70" hits="0" branch="False" />
            <line number="71" hits="0" branch="False" />
            <line number="72" hits="0" branch="False" />
            <line number="73" hits="0" branch="False" />
            <line number="74" hits="0" branch="False" />
            <line number="75" hits="0" branch="False" />
            <line number="76" hits="0" branch="False" />
            <line number="77" hits="0" branch="False" />
            <line number="78" hits="0" branch="False" />
            <line number="79" hits="0" branch="False" />
            <line number="80" hits="0" branch="False" />
            <line number="81" hits="0" branch="False" />
            <line number="82" hits="0" branch="False" />
            <line number="84" hits="8" branch="True" condition-coverage="50% (1/2)">
              <conditions>
                <condition number="6" type="jump" coverage="50%" />
              </conditions>
            </line>
            <line number="87" hits="2" branch="False" />
            <line number="88" hits="2" branch="False" />
            <line number="89" hits="2" branch="False" />
            <line number="90" hits="2" branch="False" />
            <line number="91" hits="2" branch="False" />
            <line number="94" hits="0" branch="False" />
            <line number="95" hits="0" branch="True" condition-coverage="0% (0/2)">
              <conditions>
                <condition number="15" type="jump" coverage="0%" />
              </conditions>
            </line>
            <line number="96" hits="0" branch="False" />
            <line number="98" hits="0" branch="False" />
            <line number="99" hits="0" branch="False" />
            <line number="100" hits="0" branch="False" />
            <line number="109" hits="0" branch="False" />
            <line number="110" hits="0" branch="True" condition-coverage="0% (0/2)">
              <conditions>
                <condition number="9" type="jump" coverage="0%" />
              </conditions>
            </line>
            <line number="111" hits="0" branch="False" />
            <line number="112" hits="0" branch="True" condition-coverage="0% (0/2)">
              <conditions>
                <condition number="30" type="jump" coverage="0%" />
              </conditions>
            </line>
            <line number="113" hits="0" branch="False" />
            <line number="115" hits="0" branch="False" />
            <line number="116" hits="0" branch="False" />
            <line number="117" hits="0" branch="False" />
            <line number="118" hits="0" branch="False" />
            <line number="124" hits="0" branch="False" />
            <line number="125" hits="0" branch="True" condition-coverage="0% (0/2)">
              <conditions>
                <condition number="10" type="jump" coverage="0%" />
              </conditions>
            </line>
            <line number="126" hits="0" branch="False" />
            <line number="128" hits="0" branch="False" />
            <line number="129" hits="0" branch="False" />
            <line number="130" hits="0" branch="False" />
            <line number="131" hits="0" branch="False" />
            <line number="132" hits="0" branch="False" />
            <line number="133" hits="0" branch="False" />
            <line number="136" hits="0" branch="False" />
            <line number="137" hits="0" branch="False" />
            <line number="139" hits="0" branch="False" />
            <line number="140" hits="0" branch="False" />
            <line number="143" hits="0" branch="False" />
            <line number="144" hits="0" branch="False" />
            <line number="145" hits="0" branch="False" />
            <line number="146" hits="0" branch="False" />
            <line number="147" hits="0" branch="False" />
            <line number="150" hits="0" branch="False" />
            <line number="151" hits="0" branch="False" />
            <line number="152" hits="0" branch="False" />
            <line number="153" hits="0" branch="False" />
            <line number="154" hits="0" branch="False" />
            <line number="160" hits="0" branch="True" condition-coverage="0% (0/2)">
              <conditions>
                <condition number="11" type="jump" coverage="0%" />
              </conditions>
            </line>
            <line number="161" hits="0" branch="False" />
            <line number="164" hits="0" branch="False" />
            <line number="165" hits="0" branch="False" />
            <line number="166" hits="0" branch="False" />
            <line number="167" hits="0" branch="False" />
            <line number="24" hits="51" branch="False" />
          </lines>
        </class>
        <class name="AiTutor.Domain.Entities.User" filename="AiTutor.Domain\Entities\User.cs" line-rate="0.7833" branch-rate="0.5" complexity="22">
          <methods>
            <method name="get_FirstName" signature="()" line-rate="1" branch-rate="1" complexity="1">
              <lines>
                <line number="10" hits="269" branch="False" />
              </lines>
            </method>
            <method name="get_LastName" signature="()" line-rate="1" branch-rate="1" complexity="1">
              <lines>
                <line number="11" hits="269" branch="False" />
              </lines>
            </method>
            <method name="get_Email" signature="()" line-rate="1" branch-rate="1" complexity="1">
              <lines>
                <line number="12" hits="260" branch="False" />
              </lines>
            </method>
            <method name="get_Role" signature="()" line-rate="1" branch-rate="1" complexity="1">
              <lines>
                <line number="13" hits="140" branch="False" />
              </lines>
            </method>
            <method name="get_IsActive" signature="()" line-rate="1" branch-rate="1" complexity="1">
              <lines>
                <line number="14" hits="132" branch="False" />
              </lines>
            </method>
            <method name="get_IdentityUserId" signature="()" line-rate="0" branch-rate="1" complexity="1">
              <lines>
                <line number="15" hits="0" branch="False" />
              </lines>
            </method>
            <method name="get_ParentId" signature="()" line-rate="1" branch-rate="1" complexity="1">
              <lines>
                <line number="18" hits="13" branch="False" />
              </lines>
            </method>
            <method name="get_InvitationCode" signature="()" line-rate="1" branch-rate="1" complexity="1">
              <lines>
                <line number="19" hits="9" branch="False" />
              </lines>
            </method>
            <method name="get_Progresses" signature="()" line-rate="0" branch-rate="1" complexity="1">
              <lines>
                <line number="22" hits="0" branch="False" />
              </lines>
            </method>
            <method name="Create" signature="(System.String,System.String,System.String,AiTutor.Domain.Enums.UserRole)" line-rate="1" branch-rate="1" complexity="2">
              <lines>
                <line number="27" hits="122" branch="False" />
                <line number="28" hits="122" branch="False" />
                <line number="29" hits="122" branch="False" />
                <line number="30" hits="122" branch="False" />
                <line number="31" hits="122" branch="False" />
                <line number="32" hits="122" branch="False" />
                <line number="33" hits="122" branch="False" />
                <line number="34" hits="122" branch="False" />
                <line number="37" hits="122" branch="True" condition-coverage="100% (2/2)">
                  <conditions>
                    <condition number="50" type="jump" coverage="100%" />
                  </conditions>
                </line>
                <line number="38" hits="6" branch="False" />
                <line number="40" hits="122" branch="False" />
                <line number="41" hits="122" branch="False" />
                <line number="42" hits="122" branch="False" />
              </lines>
            </method>
            <method name="UpdateProfile" signature="(System.String,System.String)" line-rate="1" branch-rate="1" complexity="1">
              <lines>
                <line number="45" hits="1" branch="False" />
                <line number="46" hits="1" branch="False" />
                <line number="47" hits="1" branch="False" />
                <line number="48" hits="1" branch="False" />
                <line number="49" hits="1" branch="False" />
              </lines>
            </method>
            <method name="Deactivate" signature="()" line-rate="1" branch-rate="1" complexity="1">
              <lines>
                <line number="52" hits="1" branch="False" />
                <line number="53" hits="1" branch="False" />
                <line number="54" hits="1" branch="False" />
                <line number="55" hits="1" branch="False" />
              </lines>
            </method>
            <method name="SetIdentityUserId" signature="(System.String)" line-rate="0" branch-rate="1" complexity="1">
              <lines>
                <line number="58" hits="0" branch="False" />
                <line number="59" hits="0" branch="False" />
                <line number="60" hits="0" branch="False" />
                <line number="61" hits="0" branch="False" />
              </lines>
            </method>
            <method name="LinkToParent" signature="(System.Guid)" line-rate="0.8332999999999999" branch-rate="0.5" complexity="2">
              <lines>
                <line number="65" hits="5" branch="False" />
                <line number="66" hits="5" branch="True" condition-coverage="50% (1/2)">
                  <conditions>
                    <condition number="15" type="jump" coverage="50%" />
                  </conditions>
                </line>
                <line number="67" hits="0" branch="False" />
                <line number="68" hits="5" branch="False" />
                <line number="69" hits="5" branch="False" />
                <line number="70" hits="5" branch="False" />
              </lines>
            </method>
            <method name="UnlinkFromParent" signature="()" line-rate="1" branch-rate="1" complexity="1">
              <lines>
                <line number="73" hits="1" branch="False" />
                <line number="74" hits="1" branch="False" />
                <line number="75" hits="1" branch="False" />
                <line number="76" hits="1" branch="False" />
              </lines>
            </method>
            <method name="RegenerateInvitationCode" signature="()" line-rate="0" branch-rate="0" complexity="2">
              <lines>
                <line number="80" hits="0" branch="False" />
                <line number="81" hits="0" branch="True" condition-coverage="0% (0/2)">
                  <conditions>
                    <condition number="15" type="jump" coverage="0%" />
                  </conditions>
                </line>
                <line number="82" hits="0" branch="False" />
                <line number="83" hits="0" branch="False" />
                <line number="84" hits="0" branch="False" />
                <line number="85" hits="0" branch="False" />
              </lines>
            </method>
            <method name="GenerateInvitationCode" signature="()" line-rate="1" branch-rate="1" complexity="1">
              <lines>
                <line number="88" hits="6" branch="False" />
                <line number="91" hits="6" branch="False" />
                <line number="92" hits="6" branch="False" />
                <line number="93" hits="42" branch="False" />
                <line number="94" hits="6" branch="False" />
                <line number="95" hits="6" branch="False" />
              </lines>
            </method>
            <method name="get_FullName" signature="()" line-rate="1" branch-rate="1" complexity="1">
              <lines>
                <line number="97" hits="16" branch="False" />
              </lines>
            </method>
            <method name=".ctor" signature="()" line-rate="1" branch-rate="1" complexity="1">
              <lines>
                <line number="21" hits="128" branch="False" />
                <line number="24" hits="384" branch="False" />
              </lines>
            </method>
          </methods>
          <lines>
            <line number="10" hits="269" branch="False" />
            <line number="11" hits="269" branch="False" />
            <line number="12" hits="260" branch="False" />
            <line number="13" hits="140" branch="False" />
            <line number="14" hits="132" branch="False" />
            <line number="15" hits="0" branch="False" />
            <line number="18" hits="13" branch="False" />
            <line number="19" hits="9" branch="False" />
            <line number="22" hits="0" branch="False" />
            <line number="27" hits="122" branch="False" />
            <line number="28" hits="122" branch="False" />
            <line number="29" hits="122" branch="False" />
            <line number="30" hits="122" branch="False" />
            <line number="31" hits="122" branch="False" />
            <line number="32" hits="122" branch="False" />
            <line number="33" hits="122" branch="False" />
            <line number="34" hits="122" branch="False" />
            <line number="37" hits="122" branch="True" condition-coverage="100% (2/2)">
              <conditions>
                <condition number="50" type="jump" coverage="100%" />
              </conditions>
            </line>
            <line number="38" hits="6" branch="False" />
            <line number="40" hits="122" branch="False" />
            <line number="41" hits="122" branch="False" />
            <line number="42" hits="122" branch="False" />
            <line number="45" hits="1" branch="False" />
            <line number="46" hits="1" branch="False" />
            <line number="47" hits="1" branch="False" />
            <line number="48" hits="1" branch="False" />
            <line number="49" hits="1" branch="False" />
            <line number="52" hits="1" branch="False" />
            <line number="53" hits="1" branch="False" />
            <line number="54" hits="1" branch="False" />
            <line number="55" hits="1" branch="False" />
            <line number="58" hits="0" branch="False" />
            <line number="59" hits="0" branch="False" />
            <line number="60" hits="0" branch="False" />
            <line number="61" hits="0" branch="False" />
            <line number="65" hits="5" branch="False" />
            <line number="66" hits="5" branch="True" condition-coverage="50% (1/2)">
              <conditions>
                <condition number="15" type="jump" coverage="50%" />
              </conditions>
            </line>
            <line number="67" hits="0" branch="False" />
            <line number="68" hits="5" branch="False" />
            <line number="69" hits="5" branch="False" />
            <line number="70" hits="5" branch="False" />
            <line number="73" hits="1" branch="False" />
            <line number="74" hits="1" branch="False" />
            <line number="75" hits="1" branch="False" />
            <line number="76" hits="1" branch="False" />
            <line number="80" hits="0" branch="False" />
            <line number="81" hits="0" branch="True" condition-coverage="0% (0/2)">
              <conditions>
                <condition number="15" type="jump" coverage="0%" />
              </conditions>
            </line>
            <line number="82" hits="0" branch="False" />
            <line number="83" hits="0" branch="False" />
            <line number="84" hits="0" branch="False" />
            <line number="85" hits="0" branch="False" />
            <line number="88" hits="6" branch="False" />
            <line number="91" hits="6" branch="False" />
            <line number="92" hits="6" branch="False" />
            <line number="93" hits="42" branch="False" />
            <line number="94" hits="6" branch="False" />
            <line number="95" hits="6" branch="False" />
            <line number="97" hits="16" branch="False" />
            <line number="21" hits="128" branch="False" />
            <line number="24" hits="384" branch="False" />
          </lines>
        </class>
        <class name="AiTutor.Domain.Common.BaseEntity" filename="AiTutor.Domain\Common\BaseEntity.cs" line-rate="0.7777" branch-rate="1" complexity="9">
          <methods>
            <method name="get_Id" signature="()" line-rate="1" branch-rate="1" complexity="1">
              <lines>
                <line number="7" hits="841" branch="False" />
              </lines>
            </method>
            <method name="get_CreatedAt" signature="()" line-rate="1" branch-rate="1" complexity="1">
              <lines>
                <line number="8" hits="325" branch="False" />
              </lines>
            </method>
            <method name="get_UpdatedAt" signature="()" line-rate="1" branch-rate="1" complexity="1">
              <lines>
                <line number="9" hits="28" branch="False" />
              </lines>
            </method>
            <method name="get_DomainEvents" signature="()" line-rate="1" branch-rate="1" complexity="1">
              <lines>
                <line number="12" hits="3" branch="False" />
              </lines>
            </method>
            <method name="AddDomainEvent" signature="(MediatR.INotification)" line-rate="1" branch-rate="1" complexity="1">
              <lines>
                <line number="15" hits="128" branch="False" />
              </lines>
            </method>
            <method name="RemoveDomainEvent" signature="(MediatR.INotification)" line-rate="0" branch-rate="1" complexity="1">
              <lines>
                <line number="18" hits="0" branch="False" />
              </lines>
            </method>
            <method name="ClearDomainEvents" signature="()" line-rate="0" branch-rate="1" complexity="1">
              <lines>
                <line number="21" hits="0" branch="False" />
              </lines>
            </method>
            <method name="SetUpdatedAt" signature="()" line-rate="1" branch-rate="1" complexity="1">
              <lines>
                <line number="24" hits="25" branch="False" />
              </lines>
            </method>
            <method name=".ctor" signature="()" line-rate="1" branch-rate="1" complexity="1">
              <lines>
                <line number="11" hits="311" branch="False" />
              </lines>
            </method>
          </methods>
          <lines>
            <line number="7" hits="841" branch="False" />
            <line number="8" hits="325" branch="False" />
            <line number="9" hits="28" branch="False" />
            <line number="12" hits="3" branch="False" />
            <line number="15" hits="128" branch="False" />
            <line number="18" hits="0" branch="False" />
            <line number="21" hits="0" branch="False" />
            <line number="24" hits="25" branch="False" />
            <line number="11" hits="311" branch="False" />
          </lines>
        </class>
      </classes>
    </package>
  </packages>
</coverage>